Arguments: 
  C:\Program Files\nodejs\node.exe C:\Users\user\AppData\Roaming\npm\node_modules\yarn\bin\yarn.js add Chokidar

PATH: 
  C:\Program Files\Common Files\Oracle\Java\javapath;";C:\Users\user\java\bin";C:\Python37\Scripts\;C:\Python37\;C:\Program Files (x86)\Intel\Intel(R) Management Engine Components\iCLS\;C:\Program Files\Intel\Intel(R) Management Engine Components\iCLS\;C:\WINDOWS\system32;C:\WINDOWS;C:\WINDOWS\System32\Wbem;C:\WINDOWS\System32\WindowsPowerShell\v1.0\;C:\WINDOWS\System32\OpenSSH\;C:\Program Files (x86)\Intel\Intel(R) Management Engine Components\DAL;C:\Program Files\Intel\Intel(R) Management Engine Components\DAL;C:\Program Files (x86)\Intel\Intel(R) Management Engine Components\IPT;C:\Program Files\Intel\Intel(R) Management Engine Components\IPT;C:\Program Files\Intel\WiFi\bin\;C:\Program Files\Common Files\Intel\WirelessCommon\;C:\Program Files\Git\cmd;C:\Program Files\dotnet\;C:\Program Files\Microsoft SQL Server\130\Tools\Binn\;C:\Program Files\Microsoft SQL Server\Client SDK\ODBC\170\Tools\Binn\;C:\Program Files\nodejs\;C:\Program Files\MySQL\MySQL Server 8.0;C:\ProgramData\chocolatey\bin;C:\AndoroidSDK\platform-tools;C:\Program Files\Java\jdk-15.0.2\bin;C:\ffmpeg-20200814-a762fd2-win64-static;C:\Program Files\Intel\WiFi\bin\;C:\Program Files\Common Files\Intel\WirelessCommon\;C:\Users\user\AppData\Local\GitHubDesktop\bin;C:\Program Files\JetBrains\PyCharm 2019.1.3\bin;C:\Users\user\AppData\Local\Microsoft\WindowsApps;C:\Users\user\AppData\Roaming\npm;C:\Users\user\AppData\Local\atom\bin;C:\Users\user\AppData\Local\Microsoft\WindowsApps;C:\Users\user\AppData\Local\Programs\Microsoft VS Code\bin;C:\AndoroidSDK\plathorm-tools;C:\Users\user\AppData\Local\gitkraken\bin

Yarn version: 
  1.22.5

Node version: 
  12.18.0

Platform: 
  win32 x64

Trace: 
  Error: https://registry.yarnpkg.com/Chokidar: Not found
      at Request.params.callback [as _callback] (C:\Users\user\AppData\Roaming\npm\node_modules\yarn\lib\cli.js:66988:18)
      at Request.self.callback (C:\Users\user\AppData\Roaming\npm\node_modules\yarn\lib\cli.js:140662:22)
      at Request.emit (events.js:315:20)
      at Request.<anonymous> (C:\Users\user\AppData\Roaming\npm\node_modules\yarn\lib\cli.js:141634:10)
      at Request.emit (events.js:315:20)
      at IncomingMessage.<anonymous> (C:\Users\user\AppData\Roaming\npm\node_modules\yarn\lib\cli.js:141556:12)
      at Object.onceWrapper (events.js:421:28)
      at IncomingMessage.emit (events.js:327:22)
      at endReadableNT (_stream_readable.js:1221:12)
      at processTicksAndRejections (internal/process/task_queues.js:84:21)

npm manifest: 
  {
    "name": "nodebird",
    "version": "0.0.1",
    "description": "익스프레스로 만드는 sns 서비스",
    "main": "app.js",
    "scripts": {
      "start": "nodemon app"
    },
    "author": "ZeroCho",
    "license": "MIT",
    "dependencies": {
      "cookie-parser": "1.4.5",
      "dotenv": "8.2.0",
      "express": "4.17.1",
      "express-session": "1.17.1",
      "morgan": "1.10.0",
      "mysql2": "2.2.5",
      "nunjucks": "3.2.3",
      "sequelize": "6.5.0",
      "sequelize-cli": "6.2.0"
    }
  }

yarn manifest: 
  No manifest

Lockfile: 
  No lockfile
